app/build/intermediates/manifest_merge_blame_file/debug/manifest-merger-blame-debug-report.txt
1<?xml version="1.0" encoding="utf-8"?>
2<manifest xmlns:android="http://schemas.android.com/apk/res/android"
3    package="hairban.stepbystep.myapplication"
4    android:versionCode="1"
5    android:versionName="1.0" >
6
7    <uses-sdk
8        android:minSdkVersion="19"
8-->src/main/AndroidManifest.xml
9        android:targetSdkVersion="29" />
9-->src/main/AndroidManifest.xml
10
11    <supports-screens android:anyDensity="true" />
11-->src/main/AndroidManifest.xml:5:5-51
11-->src/main/AndroidManifest.xml:5:23-48
12
13    <uses-feature android:name="android.hardware.usb.accessory" />
13-->src/main/AndroidManifest.xml:6:5-67
13-->src/main/AndroidManifest.xml:6:19-64
14    <uses-feature android:name="android.hardware.usb.host" />
14-->src/main/AndroidManifest.xml:7:5-62
14-->src/main/AndroidManifest.xml:7:19-59
15
16    <uses-permission android:name="android.permission.FOREGROUND_SERVICE" />
16-->src/main/AndroidManifest.xml:8:5-76
16-->src/main/AndroidManifest.xml:8:22-74
17    <uses-permission android:name="android.permission.ACCESS_NETWORK_STATE" />
17-->src/main/AndroidManifest.xml:9:5-79
17-->src/main/AndroidManifest.xml:9:22-76
18    <uses-permission android:name="android.permission.READ_EXTERNAL_STORAGE" />
18-->src/main/AndroidManifest.xml:10:5-79
18-->src/main/AndroidManifest.xml:10:22-77
19    <uses-permission android:name="android.permission.WRITE_EXTERNAL_STORAGE" />
19-->src/main/AndroidManifest.xml:11:5-80
19-->src/main/AndroidManifest.xml:11:22-78
20    <uses-permission android:name="android.permission.ACCESS_DOWNLOAD_MANAGER" />
20-->src/main/AndroidManifest.xml:12:5-81
20-->src/main/AndroidManifest.xml:12:22-79
21
22    <application
22-->src/main/AndroidManifest.xml:13:5-33:19
23        android:allowBackup="true"
23-->src/main/AndroidManifest.xml:14:9-35
24        android:appComponentFactory="androidx.core.app.CoreComponentFactory"
24-->[androidx.core:core:1.1.0] AndroidManifest.xml:24:18-86
25        android:debuggable="true"
26        android:icon="@mipmap/ic_launcher"
26-->src/main/AndroidManifest.xml:15:9-43
27        android:label="@string/app_name"
27-->src/main/AndroidManifest.xml:16:9-41
28        android:roundIcon="@mipmap/ic_launcher_round"
28-->src/main/AndroidManifest.xml:17:9-54
29        android:supportsRtl="true"
29-->src/main/AndroidManifest.xml:18:9-35
30        android:theme="@style/AppTheme" >
30-->src/main/AndroidManifest.xml:19:9-40
31        <uses-library android:name="com.android.future.usb.accessory" />
31-->src/main/AndroidManifest.xml:20:9-73
31-->src/main/AndroidManifest.xml:20:23-70
32
33        <activity android:name="hairban.stepbystep.myapplication.AnotherPrinterActivity" >
33-->src/main/AndroidManifest.xml:22:9-31:20
33-->src/main/AndroidManifest.xml:22:19-57
34            <intent-filter>
34-->src/main/AndroidManifest.xml:23:13-30:29
35                <action android:name="android.hardware.usb.action.USB_ACCESSORY_ATTACHED" />
35-->src/main/AndroidManifest.xml:24:17-93
35-->src/main/AndroidManifest.xml:24:25-90
36                <action android:name="android.hardware.usb.action.USB_DEVICE_ATTACHED" />
36-->src/main/AndroidManifest.xml:25:17-90
36-->src/main/AndroidManifest.xml:25:25-87
37                <action android:name="android.intent.action.MAIN" />
37-->src/main/AndroidManifest.xml:26:17-69
37-->src/main/AndroidManifest.xml:26:25-66
38
39                <category android:name="android.intent.category.LAUNCHER" />
39-->src/main/AndroidManifest.xml:28:17-77
39-->src/main/AndroidManifest.xml:28:27-74
40            </intent-filter>
41        </activity>
42
43        <service android:name="hairban.stepbystep.myapplication.FileObserverService" />
43-->src/main/AndroidManifest.xml:32:9-56
43-->src/main/AndroidManifest.xml:32:18-53
44    </application>
45
46</manifest>